I, [2015-02-26T09:42:03.058852 #42523]  INFO -- Kitchen: -----> Starting Kitchen (v1.3.1)
I, [2015-02-26T09:42:03.251610 #42523]  INFO -- Kitchen: -----> Creating <default-ubuntu-1204>...
I, [2015-02-26T09:42:04.373970 #42523]  INFO -- Kitchen: -----> Kitchen is finished. (0m1.31s)
I, [2015-02-26T09:42:11.031384 #42571]  INFO -- Kitchen: -----> Starting Kitchen (v1.3.1)
I, [2015-02-26T09:42:11.241183 #42571]  INFO -- Kitchen: -----> Cleaning up any prior instances of <default-ubuntu-1204>
I, [2015-02-26T09:42:11.241986 #42571]  INFO -- Kitchen: -----> Destroying <default-ubuntu-1204>...
I, [2015-02-26T09:42:11.967953 #42571]  INFO -- Kitchen: -----> Testing <default-ubuntu-1204>
I, [2015-02-26T09:42:11.968134 #42571]  INFO -- Kitchen: -----> Creating <default-ubuntu-1204>...
I, [2015-02-26T09:42:13.081541 #42571]  INFO -- Kitchen: -----> Converging <default-ubuntu-1204>...
E, [2015-02-26T09:42:13.094188 #42571] ERROR -- Kitchen: ------Exception-------
E, [2015-02-26T09:42:13.094225 #42571] ERROR -- Kitchen: Class: Kitchen::ActionFailed
E, [2015-02-26T09:42:13.094244 #42571] ERROR -- Kitchen: Message: Failed to complete #converge action: [No playbook found or specified!  Please either set a playbook in your .kitchen.yml config, or create a default wrapper playbook for your role in test/integration/playbooks/default.yml or test/integration/default.yml]
E, [2015-02-26T09:42:13.094264 #42571] ERROR -- Kitchen: ---Nested Exception---
E, [2015-02-26T09:42:13.094279 #42571] ERROR -- Kitchen: Class: RuntimeError
E, [2015-02-26T09:42:13.094295 #42571] ERROR -- Kitchen: Message: No playbook found or specified!  Please either set a playbook in your .kitchen.yml config, or create a default wrapper playbook for your role in test/integration/playbooks/default.yml or test/integration/default.yml
E, [2015-02-26T09:42:13.094314 #42571] ERROR -- Kitchen: ------Backtrace-------
E, [2015-02-26T09:42:13.094329 #42571] ERROR -- Kitchen: /Library/Ruby/Gems/2.0.0/gems/kitchen-ansible-0.0.10/lib/kitchen/provisioner/ansible_playbook.rb:56:in `block in <class:AnsiblePlaybook>'
E, [2015-02-26T09:42:13.094344 #42571] ERROR -- Kitchen: /Library/Ruby/Gems/2.0.0/gems/test-kitchen-1.3.1/lib/kitchen/lazy_hash.rb:116:in `call'
E, [2015-02-26T09:42:13.094358 #42571] ERROR -- Kitchen: /Library/Ruby/Gems/2.0.0/gems/test-kitchen-1.3.1/lib/kitchen/lazy_hash.rb:116:in `proc_or_val'
E, [2015-02-26T09:42:13.094372 #42571] ERROR -- Kitchen: /Library/Ruby/Gems/2.0.0/gems/test-kitchen-1.3.1/lib/kitchen/lazy_hash.rb:76:in `[]'
E, [2015-02-26T09:42:13.094386 #42571] ERROR -- Kitchen: /Library/Ruby/Gems/2.0.0/gems/kitchen-ansible-0.0.10/lib/kitchen/provisioner/ansible_playbook.rb:364:in `playbook'
E, [2015-02-26T09:42:13.094400 #42571] ERROR -- Kitchen: /Library/Ruby/Gems/2.0.0/gems/kitchen-ansible-0.0.10/lib/kitchen/provisioner/ansible_playbook.rb:520:in `prepare_playbook'
E, [2015-02-26T09:42:13.094416 #42571] ERROR -- Kitchen: /Library/Ruby/Gems/2.0.0/gems/kitchen-ansible-0.0.10/lib/kitchen/provisioner/ansible_playbook.rb:266:in `create_sandbox'
E, [2015-02-26T09:42:13.094432 #42571] ERROR -- Kitchen: /Library/Ruby/Gems/2.0.0/gems/test-kitchen-1.3.1/lib/kitchen/driver/ssh_base.rb:42:in `converge'
E, [2015-02-26T09:42:13.094448 #42571] ERROR -- Kitchen: /Library/Ruby/Gems/2.0.0/gems/test-kitchen-1.3.1/lib/kitchen/instance.rb:352:in `public_send'
E, [2015-02-26T09:42:13.094464 #42571] ERROR -- Kitchen: /Library/Ruby/Gems/2.0.0/gems/test-kitchen-1.3.1/lib/kitchen/instance.rb:352:in `block in perform_action'
E, [2015-02-26T09:42:13.094478 #42571] ERROR -- Kitchen: /Library/Ruby/Gems/2.0.0/gems/test-kitchen-1.3.1/lib/kitchen/instance.rb:416:in `call'
E, [2015-02-26T09:42:13.094499 #42571] ERROR -- Kitchen: /Library/Ruby/Gems/2.0.0/gems/test-kitchen-1.3.1/lib/kitchen/instance.rb:416:in `synchronize_or_call'
E, [2015-02-26T09:42:13.094513 #42571] ERROR -- Kitchen: /Library/Ruby/Gems/2.0.0/gems/test-kitchen-1.3.1/lib/kitchen/instance.rb:381:in `block in action'
E, [2015-02-26T09:42:13.094527 #42571] ERROR -- Kitchen: /System/Library/Frameworks/Ruby.framework/Versions/2.0/usr/lib/ruby/2.0.0/benchmark.rb:281:in `measure'
E, [2015-02-26T09:42:13.094553 #42571] ERROR -- Kitchen: /Library/Ruby/Gems/2.0.0/gems/test-kitchen-1.3.1/lib/kitchen/instance.rb:380:in `action'
E, [2015-02-26T09:42:13.094574 #42571] ERROR -- Kitchen: /Library/Ruby/Gems/2.0.0/gems/test-kitchen-1.3.1/lib/kitchen/instance.rb:352:in `perform_action'
E, [2015-02-26T09:42:13.094588 #42571] ERROR -- Kitchen: /Library/Ruby/Gems/2.0.0/gems/test-kitchen-1.3.1/lib/kitchen/instance.rb:312:in `converge_action'
E, [2015-02-26T09:42:13.094603 #42571] ERROR -- Kitchen: /Library/Ruby/Gems/2.0.0/gems/test-kitchen-1.3.1/lib/kitchen/instance.rb:292:in `block in transition_to'
E, [2015-02-26T09:42:13.094619 #42571] ERROR -- Kitchen: /Library/Ruby/Gems/2.0.0/gems/test-kitchen-1.3.1/lib/kitchen/instance.rb:291:in `each'
E, [2015-02-26T09:42:13.094632 #42571] ERROR -- Kitchen: /Library/Ruby/Gems/2.0.0/gems/test-kitchen-1.3.1/lib/kitchen/instance.rb:291:in `transition_to'
E, [2015-02-26T09:42:13.094647 #42571] ERROR -- Kitchen: /Library/Ruby/Gems/2.0.0/gems/test-kitchen-1.3.1/lib/kitchen/instance.rb:152:in `verify'
E, [2015-02-26T09:42:13.094660 #42571] ERROR -- Kitchen: /Library/Ruby/Gems/2.0.0/gems/test-kitchen-1.3.1/lib/kitchen/instance.rb:181:in `block in test'
E, [2015-02-26T09:42:13.094675 #42571] ERROR -- Kitchen: /System/Library/Frameworks/Ruby.framework/Versions/2.0/usr/lib/ruby/2.0.0/benchmark.rb:281:in `measure'
E, [2015-02-26T09:42:13.094691 #42571] ERROR -- Kitchen: /Library/Ruby/Gems/2.0.0/gems/test-kitchen-1.3.1/lib/kitchen/instance.rb:177:in `test'
E, [2015-02-26T09:42:13.094706 #42571] ERROR -- Kitchen: /Library/Ruby/Gems/2.0.0/gems/test-kitchen-1.3.1/lib/kitchen/command.rb:176:in `public_send'
E, [2015-02-26T09:42:13.094719 #42571] ERROR -- Kitchen: /Library/Ruby/Gems/2.0.0/gems/test-kitchen-1.3.1/lib/kitchen/command.rb:176:in `block (2 levels) in run_action'
E, [2015-02-26T09:42:13.094733 #42571] ERROR -- Kitchen: ----------------------
I, [2015-02-26T09:42:56.636508 #42597]  INFO -- Kitchen: -----> Starting Kitchen (v1.3.1)
I, [2015-02-26T09:42:56.836676 #42597]  INFO -- Kitchen: -----> Cleaning up any prior instances of <default-ubuntu-1204>
I, [2015-02-26T09:42:56.837344 #42597]  INFO -- Kitchen: -----> Destroying <default-ubuntu-1204>...
I, [2015-02-26T09:42:57.611977 #42597]  INFO -- Kitchen: -----> Testing <default-ubuntu-1204>
I, [2015-02-26T09:42:57.612142 #42597]  INFO -- Kitchen: -----> Creating <default-ubuntu-1204>...
I, [2015-02-26T09:42:58.773857 #42597]  INFO -- Kitchen: -----> Converging <default-ubuntu-1204>...
E, [2015-02-26T09:42:58.792978 #42597] ERROR -- Kitchen: ------Exception-------
E, [2015-02-26T09:42:58.793037 #42597] ERROR -- Kitchen: Class: Kitchen::ActionFailed
E, [2015-02-26T09:42:58.793075 #42597] ERROR -- Kitchen: Message: Failed to complete #converge action: [No hosts has been set. Please specify one in .kitchen.yml]
E, [2015-02-26T09:42:58.793111 #42597] ERROR -- Kitchen: ---Nested Exception---
E, [2015-02-26T09:42:58.793147 #42597] ERROR -- Kitchen: Class: RuntimeError
E, [2015-02-26T09:42:58.793182 #42597] ERROR -- Kitchen: Message: No hosts has been set. Please specify one in .kitchen.yml
E, [2015-02-26T09:42:58.793218 #42597] ERROR -- Kitchen: ------Backtrace-------
E, [2015-02-26T09:42:58.793249 #42597] ERROR -- Kitchen: /Library/Ruby/Gems/2.0.0/gems/kitchen-ansible-0.0.10/lib/kitchen/provisioner/ansible_playbook.rb:509:in `prepare_hosts'
E, [2015-02-26T09:42:58.793285 #42597] ERROR -- Kitchen: /Library/Ruby/Gems/2.0.0/gems/kitchen-ansible-0.0.10/lib/kitchen/provisioner/ansible_playbook.rb:273:in `create_sandbox'
E, [2015-02-26T09:42:58.793316 #42597] ERROR -- Kitchen: /Library/Ruby/Gems/2.0.0/gems/test-kitchen-1.3.1/lib/kitchen/driver/ssh_base.rb:42:in `converge'
E, [2015-02-26T09:42:58.793351 #42597] ERROR -- Kitchen: /Library/Ruby/Gems/2.0.0/gems/test-kitchen-1.3.1/lib/kitchen/instance.rb:352:in `public_send'
E, [2015-02-26T09:42:58.793384 #42597] ERROR -- Kitchen: /Library/Ruby/Gems/2.0.0/gems/test-kitchen-1.3.1/lib/kitchen/instance.rb:352:in `block in perform_action'
E, [2015-02-26T09:42:58.793414 #42597] ERROR -- Kitchen: /Library/Ruby/Gems/2.0.0/gems/test-kitchen-1.3.1/lib/kitchen/instance.rb:416:in `call'
E, [2015-02-26T09:42:58.793463 #42597] ERROR -- Kitchen: /Library/Ruby/Gems/2.0.0/gems/test-kitchen-1.3.1/lib/kitchen/instance.rb:416:in `synchronize_or_call'
E, [2015-02-26T09:42:58.793504 #42597] ERROR -- Kitchen: /Library/Ruby/Gems/2.0.0/gems/test-kitchen-1.3.1/lib/kitchen/instance.rb:381:in `block in action'
E, [2015-02-26T09:42:58.793531 #42597] ERROR -- Kitchen: /System/Library/Frameworks/Ruby.framework/Versions/2.0/usr/lib/ruby/2.0.0/benchmark.rb:281:in `measure'
E, [2015-02-26T09:42:58.793554 #42597] ERROR -- Kitchen: /Library/Ruby/Gems/2.0.0/gems/test-kitchen-1.3.1/lib/kitchen/instance.rb:380:in `action'
E, [2015-02-26T09:42:58.793575 #42597] ERROR -- Kitchen: /Library/Ruby/Gems/2.0.0/gems/test-kitchen-1.3.1/lib/kitchen/instance.rb:352:in `perform_action'
E, [2015-02-26T09:42:58.793599 #42597] ERROR -- Kitchen: /Library/Ruby/Gems/2.0.0/gems/test-kitchen-1.3.1/lib/kitchen/instance.rb:312:in `converge_action'
E, [2015-02-26T09:42:58.793620 #42597] ERROR -- Kitchen: /Library/Ruby/Gems/2.0.0/gems/test-kitchen-1.3.1/lib/kitchen/instance.rb:292:in `block in transition_to'
E, [2015-02-26T09:42:58.793641 #42597] ERROR -- Kitchen: /Library/Ruby/Gems/2.0.0/gems/test-kitchen-1.3.1/lib/kitchen/instance.rb:291:in `each'
E, [2015-02-26T09:42:58.793662 #42597] ERROR -- Kitchen: /Library/Ruby/Gems/2.0.0/gems/test-kitchen-1.3.1/lib/kitchen/instance.rb:291:in `transition_to'
E, [2015-02-26T09:42:58.793683 #42597] ERROR -- Kitchen: /Library/Ruby/Gems/2.0.0/gems/test-kitchen-1.3.1/lib/kitchen/instance.rb:152:in `verify'
E, [2015-02-26T09:42:58.793710 #42597] ERROR -- Kitchen: /Library/Ruby/Gems/2.0.0/gems/test-kitchen-1.3.1/lib/kitchen/instance.rb:181:in `block in test'
E, [2015-02-26T09:42:58.793731 #42597] ERROR -- Kitchen: /System/Library/Frameworks/Ruby.framework/Versions/2.0/usr/lib/ruby/2.0.0/benchmark.rb:281:in `measure'
E, [2015-02-26T09:42:58.793752 #42597] ERROR -- Kitchen: /Library/Ruby/Gems/2.0.0/gems/test-kitchen-1.3.1/lib/kitchen/instance.rb:177:in `test'
E, [2015-02-26T09:42:58.793773 #42597] ERROR -- Kitchen: /Library/Ruby/Gems/2.0.0/gems/test-kitchen-1.3.1/lib/kitchen/command.rb:176:in `public_send'
E, [2015-02-26T09:42:58.793796 #42597] ERROR -- Kitchen: /Library/Ruby/Gems/2.0.0/gems/test-kitchen-1.3.1/lib/kitchen/command.rb:176:in `block (2 levels) in run_action'
E, [2015-02-26T09:42:58.793817 #42597] ERROR -- Kitchen: ----------------------
I, [2015-02-26T09:44:23.122167 #42716]  INFO -- Kitchen: -----> Starting Kitchen (v1.3.1)
I, [2015-02-26T09:44:23.426736 #42716]  INFO -- Kitchen: -----> Cleaning up any prior instances of <default-ubuntu-1204>
I, [2015-02-26T09:44:23.428132 #42716]  INFO -- Kitchen: -----> Destroying <default-ubuntu-1204>...
I, [2015-02-26T09:44:24.235195 #42716]  INFO -- Kitchen: -----> Testing <default-ubuntu-1204>
I, [2015-02-26T09:44:24.235319 #42716]  INFO -- Kitchen: -----> Creating <default-ubuntu-1204>...
I, [2015-02-26T09:44:25.319679 #42716]  INFO -- Kitchen: -----> Converging <default-ubuntu-1204>...
E, [2015-02-26T09:47:39.873327 #42716] ERROR -- Kitchen: Converge failed on instance <default-ubuntu-1204>.
I, [2015-02-26T09:51:24.645562 #43209]  INFO -- Kitchen: -----> Starting Kitchen (v1.3.1)
I, [2015-02-26T09:51:24.831237 #43209]  INFO -- Kitchen: -----> Destroying <default-ubuntu-1204>...
I, [2015-02-26T09:51:26.301719 #43209]  INFO -- Kitchen: -----> Kitchen is finished. (0m1.66s)
I, [2015-02-26T09:53:03.179584 #43302]  INFO -- Kitchen: -----> Starting Kitchen (v1.3.1)
I, [2015-02-26T09:53:03.499098 #43302]  INFO -- Kitchen: -----> Cleaning up any prior instances of <default-centos-64>
I, [2015-02-26T09:53:03.499290 #43302]  INFO -- Kitchen: -----> Destroying <default-centos-64>...
I, [2015-02-26T09:53:03.502931 #43302]  INFO -- Kitchen: -----> Testing <default-centos-64>
I, [2015-02-26T09:53:03.503068 #43302]  INFO -- Kitchen: -----> Creating <default-centos-64>...
I, [2015-02-26T09:53:04.638622 #43302]  INFO -- Kitchen: -----> Converging <default-centos-64>...
E, [2015-02-26T10:04:33.701728 #43302] ERROR -- Kitchen: Converge failed on instance <default-centos-64>.
I, [2015-02-26T10:35:35.555216 #46002]  INFO -- Kitchen: -----> Starting Kitchen (v1.3.1)
I, [2015-02-26T10:35:35.863226 #46002]  INFO -- Kitchen: -----> Cleaning up any prior instances of <default-centos-64>
I, [2015-02-26T10:35:35.865951 #46002]  INFO -- Kitchen: -----> Destroying <default-centos-64>...
I, [2015-02-26T10:35:37.482796 #46002]  INFO -- Kitchen: -----> Testing <default-centos-64>
I, [2015-02-26T10:35:37.482945 #46002]  INFO -- Kitchen: -----> Creating <default-centos-64>...
I, [2015-02-26T10:35:38.553666 #46002]  INFO -- Kitchen: -----> Converging <default-centos-64>...
E, [2015-02-26T10:57:14.733866 #46002] ERROR -- Kitchen: Converge failed on instance <default-centos-64>.
I, [2015-02-26T19:31:41.494761 #76532]  INFO -- Kitchen: -----> Starting Kitchen (v1.3.1)
I, [2015-02-26T19:31:41.778060 #76532]  INFO -- Kitchen: -----> Cleaning up any prior instances of <default-centos-64>
I, [2015-02-26T19:31:41.779211 #76532]  INFO -- Kitchen: -----> Destroying <default-centos-64>...
I, [2015-02-26T19:31:43.481265 #76532]  INFO -- Kitchen: -----> Testing <default-centos-64>
I, [2015-02-26T19:31:43.481458 #76532]  INFO -- Kitchen: -----> Creating <default-centos-64>...
I, [2015-02-26T19:31:44.944859 #76532]  INFO -- Kitchen: -----> Converging <default-centos-64>...
I, [2015-02-26T20:45:12.534798 #77950]  INFO -- Kitchen: -----> Starting Kitchen (v1.3.1)
I, [2015-02-26T20:45:12.712932 #77950]  INFO -- Kitchen: -----> Cleaning up any prior instances of <default-centos-64>
I, [2015-02-26T20:45:12.713612 #77950]  INFO -- Kitchen: -----> Destroying <default-centos-64>...
I, [2015-02-26T20:45:13.532321 #77950]  INFO -- Kitchen: -----> Testing <default-centos-64>
I, [2015-02-26T20:45:13.532447 #77950]  INFO -- Kitchen: -----> Creating <default-centos-64>...
I, [2015-02-26T20:45:14.605619 #77950]  INFO -- Kitchen: -----> Converging <default-centos-64>...
E, [2015-02-26T20:45:18.292190 #77950] ERROR -- Kitchen: Converge failed on instance <default-centos-64>.
I, [2015-02-26T23:21:17.382054 #81725]  INFO -- Kitchen: -----> Starting Kitchen (v1.3.1)
I, [2015-02-26T23:21:17.586849 #81725]  INFO -- Kitchen: -----> Converging <default-centos-64>...
E, [2015-02-26T23:21:19.704033 #81725] ERROR -- Kitchen: ------Exception-------
E, [2015-02-26T23:21:19.704105 #81725] ERROR -- Kitchen: Class: Kitchen::ActionFailed
E, [2015-02-26T23:21:19.704140 #81725] ERROR -- Kitchen: Message: Failed to complete #converge action: [Connection refused - connect(2)]
E, [2015-02-26T23:21:19.704183 #81725] ERROR -- Kitchen: ---Nested Exception---
E, [2015-02-26T23:21:19.704212 #81725] ERROR -- Kitchen: Class: Errno::ECONNREFUSED
E, [2015-02-26T23:21:19.704241 #81725] ERROR -- Kitchen: Message: Connection refused - connect(2)
E, [2015-02-26T23:21:19.704274 #81725] ERROR -- Kitchen: ------Backtrace-------
E, [2015-02-26T23:21:19.704304 #81725] ERROR -- Kitchen: /Library/Ruby/Gems/2.0.0/gems/net-ssh-2.9.2/lib/net/ssh/transport/session.rb:70:in `initialize'
E, [2015-02-26T23:21:19.704333 #81725] ERROR -- Kitchen: /Library/Ruby/Gems/2.0.0/gems/net-ssh-2.9.2/lib/net/ssh/transport/session.rb:70:in `open'
E, [2015-02-26T23:21:19.704359 #81725] ERROR -- Kitchen: /Library/Ruby/Gems/2.0.0/gems/net-ssh-2.9.2/lib/net/ssh/transport/session.rb:70:in `block in initialize'
E, [2015-02-26T23:21:19.704386 #81725] ERROR -- Kitchen: /System/Library/Frameworks/Ruby.framework/Versions/2.0/usr/lib/ruby/2.0.0/timeout.rb:52:in `timeout'
E, [2015-02-26T23:21:19.704414 #81725] ERROR -- Kitchen: /System/Library/Frameworks/Ruby.framework/Versions/2.0/usr/lib/ruby/2.0.0/timeout.rb:97:in `timeout'
E, [2015-02-26T23:21:19.704442 #81725] ERROR -- Kitchen: /Library/Ruby/Gems/2.0.0/gems/net-ssh-2.9.2/lib/net/ssh/transport/session.rb:67:in `initialize'
E, [2015-02-26T23:21:19.704470 #81725] ERROR -- Kitchen: /Library/Ruby/Gems/2.0.0/gems/net-ssh-2.9.2/lib/net/ssh.rb:207:in `new'
E, [2015-02-26T23:21:19.704500 #81725] ERROR -- Kitchen: /Library/Ruby/Gems/2.0.0/gems/net-ssh-2.9.2/lib/net/ssh.rb:207:in `start'
E, [2015-02-26T23:21:19.704550 #81725] ERROR -- Kitchen: /Library/Ruby/Gems/2.0.0/gems/test-kitchen-1.3.1/lib/kitchen/ssh.rb:201:in `establish_connection'
E, [2015-02-26T23:21:19.704584 #81725] ERROR -- Kitchen: /Library/Ruby/Gems/2.0.0/gems/test-kitchen-1.3.1/lib/kitchen/ssh.rb:184:in `session'
E, [2015-02-26T23:21:19.704616 #81725] ERROR -- Kitchen: /Library/Ruby/Gems/2.0.0/gems/test-kitchen-1.3.1/lib/kitchen/ssh.rb:236:in `exec_with_exit'
E, [2015-02-26T23:21:19.704645 #81725] ERROR -- Kitchen: /Library/Ruby/Gems/2.0.0/gems/test-kitchen-1.3.1/lib/kitchen/ssh.rb:81:in `exec'
E, [2015-02-26T23:21:19.704677 #81725] ERROR -- Kitchen: /Library/Ruby/Gems/2.0.0/gems/test-kitchen-1.3.1/lib/kitchen/driver/ssh_base.rb:150:in `run_remote'
E, [2015-02-26T23:21:19.704704 #81725] ERROR -- Kitchen: /Library/Ruby/Gems/2.0.0/gems/test-kitchen-1.3.1/lib/kitchen/driver/ssh_base.rb:46:in `block in converge'
E, [2015-02-26T23:21:19.704721 #81725] ERROR -- Kitchen: /Library/Ruby/Gems/2.0.0/gems/test-kitchen-1.3.1/lib/kitchen/ssh.rb:70:in `initialize'
E, [2015-02-26T23:21:19.704737 #81725] ERROR -- Kitchen: /Library/Ruby/Gems/2.0.0/gems/test-kitchen-1.3.1/lib/kitchen/driver/ssh_base.rb:45:in `new'
E, [2015-02-26T23:21:19.704752 #81725] ERROR -- Kitchen: /Library/Ruby/Gems/2.0.0/gems/test-kitchen-1.3.1/lib/kitchen/driver/ssh_base.rb:45:in `converge'
E, [2015-02-26T23:21:19.704767 #81725] ERROR -- Kitchen: /Library/Ruby/Gems/2.0.0/gems/test-kitchen-1.3.1/lib/kitchen/instance.rb:352:in `public_send'
E, [2015-02-26T23:21:19.704783 #81725] ERROR -- Kitchen: /Library/Ruby/Gems/2.0.0/gems/test-kitchen-1.3.1/lib/kitchen/instance.rb:352:in `block in perform_action'
E, [2015-02-26T23:21:19.704798 #81725] ERROR -- Kitchen: /Library/Ruby/Gems/2.0.0/gems/test-kitchen-1.3.1/lib/kitchen/instance.rb:416:in `call'
E, [2015-02-26T23:21:19.704814 #81725] ERROR -- Kitchen: /Library/Ruby/Gems/2.0.0/gems/test-kitchen-1.3.1/lib/kitchen/instance.rb:416:in `synchronize_or_call'
E, [2015-02-26T23:21:19.704829 #81725] ERROR -- Kitchen: /Library/Ruby/Gems/2.0.0/gems/test-kitchen-1.3.1/lib/kitchen/instance.rb:381:in `block in action'
E, [2015-02-26T23:21:19.704845 #81725] ERROR -- Kitchen: /System/Library/Frameworks/Ruby.framework/Versions/2.0/usr/lib/ruby/2.0.0/benchmark.rb:281:in `measure'
E, [2015-02-26T23:21:19.704860 #81725] ERROR -- Kitchen: /Library/Ruby/Gems/2.0.0/gems/test-kitchen-1.3.1/lib/kitchen/instance.rb:380:in `action'
E, [2015-02-26T23:21:19.704875 #81725] ERROR -- Kitchen: /Library/Ruby/Gems/2.0.0/gems/test-kitchen-1.3.1/lib/kitchen/instance.rb:352:in `perform_action'
E, [2015-02-26T23:21:19.704890 #81725] ERROR -- Kitchen: /Library/Ruby/Gems/2.0.0/gems/test-kitchen-1.3.1/lib/kitchen/instance.rb:312:in `converge_action'
E, [2015-02-26T23:21:19.704905 #81725] ERROR -- Kitchen: /Library/Ruby/Gems/2.0.0/gems/test-kitchen-1.3.1/lib/kitchen/instance.rb:292:in `block in transition_to'
E, [2015-02-26T23:21:19.704921 #81725] ERROR -- Kitchen: /Library/Ruby/Gems/2.0.0/gems/test-kitchen-1.3.1/lib/kitchen/instance.rb:291:in `each'
E, [2015-02-26T23:21:19.704936 #81725] ERROR -- Kitchen: /Library/Ruby/Gems/2.0.0/gems/test-kitchen-1.3.1/lib/kitchen/instance.rb:291:in `transition_to'
E, [2015-02-26T23:21:19.704951 #81725] ERROR -- Kitchen: /Library/Ruby/Gems/2.0.0/gems/test-kitchen-1.3.1/lib/kitchen/instance.rb:130:in `converge'
E, [2015-02-26T23:21:19.704965 #81725] ERROR -- Kitchen: /Library/Ruby/Gems/2.0.0/gems/test-kitchen-1.3.1/lib/kitchen/command.rb:176:in `public_send'
E, [2015-02-26T23:21:19.704980 #81725] ERROR -- Kitchen: /Library/Ruby/Gems/2.0.0/gems/test-kitchen-1.3.1/lib/kitchen/command.rb:176:in `block (2 levels) in run_action'
E, [2015-02-26T23:21:19.704996 #81725] ERROR -- Kitchen: ----------------------
I, [2015-02-26T23:21:54.424443 #81778]  INFO -- Kitchen: -----> Starting Kitchen (v1.3.1)
I, [2015-02-26T23:21:54.613780 #81778]  INFO -- Kitchen: -----> Destroying <default-centos-64>...
I, [2015-02-26T23:21:55.276638 #81778]  INFO -- Kitchen: -----> Kitchen is finished. (0m0.85s)
I, [2015-02-26T23:21:59.979372 #81786]  INFO -- Kitchen: -----> Starting Kitchen (v1.3.1)
I, [2015-02-26T23:22:00.167460 #81786]  INFO -- Kitchen: -----> Creating <default-centos-64>...
I, [2015-02-26T23:22:01.269178 #81786]  INFO -- Kitchen: -----> Converging <default-centos-64>...
I, [2015-02-26T23:32:59.678346 #81786]  INFO -- Kitchen: -----> Kitchen is finished. (10m59.70s)
I, [2015-02-26T23:34:05.257712 #82533]  INFO -- Kitchen: -----> Starting Kitchen (v1.3.1)
I, [2015-02-26T23:34:05.558297 #82533]  INFO -- Kitchen: -----> Converging <default-centos-64>...
I, [2015-02-26T23:40:31.375816 #82880]  INFO -- Kitchen: -----> Starting Kitchen (v1.3.1)
I, [2015-02-26T23:40:31.696971 #82880]  INFO -- Kitchen: -----> Destroying <default-centos-64>...
I, [2015-02-26T23:40:36.579595 #82880]  INFO -- Kitchen: -----> Kitchen is finished. (0m5.20s)
I, [2015-02-26T23:46:09.266684 #83266]  INFO -- Kitchen: -----> Starting Kitchen (v1.3.1)
I, [2015-02-26T23:46:09.489196 #83266]  INFO -- Kitchen: -----> Creating <default-inokappa-centos6>...
E, [2015-02-26T23:46:09.494814 #83266] ERROR -- Kitchen: Create failed on instance <default-inokappa-centos6>.
I, [2015-02-26T23:47:52.789786 #83395]  INFO -- Kitchen: -----> Starting Kitchen (v1.3.1)
I, [2015-02-26T23:47:53.014067 #83395]  INFO -- Kitchen: -----> Creating <default-centos6-5>...
E, [2015-02-26T23:47:53.019140 #83395] ERROR -- Kitchen: Create failed on instance <default-centos6-5>.
I, [2015-02-26T23:48:26.978197 #83412]  INFO -- Kitchen: -----> Starting Kitchen (v1.3.1)
I, [2015-02-26T23:48:27.175455 #83412]  INFO -- Kitchen: -----> Creating <default-centos-6-5>...
I, [2015-02-26T23:55:37.634455 #83412]  INFO -- Kitchen: -----> Kitchen is finished. (7m10.66s)
I, [2015-02-26T23:55:46.774854 #83876]  INFO -- Kitchen: -----> Starting Kitchen (v1.3.1)
I, [2015-02-26T23:55:46.979756 #83876]  INFO -- Kitchen: -----> Converging <default-centos-6-5>...
I, [2015-02-27T00:15:40.595413 #85039]  INFO -- Kitchen: -----> Starting Kitchen (v1.3.1)
I, [2015-02-27T00:15:40.854826 #85039]  INFO -- Kitchen: -----> Destroying <default-centos-6-5>...
I, [2015-02-27T00:15:41.880871 #85039]  INFO -- Kitchen: -----> Kitchen is finished. (0m1.29s)
I, [2015-02-27T00:17:09.005741 #85161]  INFO -- Kitchen: -----> Starting Kitchen (v1.3.1)
I, [2015-02-27T00:17:09.189429 #85161]  INFO -- Kitchen: -----> Cleaning up any prior instances of <default-centos-6>
I, [2015-02-27T00:17:09.189610 #85161]  INFO -- Kitchen: -----> Destroying <default-centos-6>...
I, [2015-02-27T00:17:09.199372 #85161]  INFO -- Kitchen: -----> Testing <default-centos-6>
I, [2015-02-27T00:17:09.199703 #85161]  INFO -- Kitchen: -----> Creating <default-centos-6>...
I, [2015-02-27T00:18:59.245143 #85161]  INFO -- Kitchen: -----> Converging <default-centos-6>...
I, [2015-02-27T00:19:49.357265 #85161]  INFO -- Kitchen: -----> Setting up <default-centos-6>...
I, [2015-02-27T00:19:49.363899 #85161]  INFO -- Kitchen: -----> Verifying <default-centos-6>...
I, [2015-02-27T00:19:49.369277 #85161]  INFO -- Kitchen: -----> Destroying <default-centos-6>...
I, [2015-02-27T00:19:50.885527 #85161]  INFO -- Kitchen: -----> Kitchen is finished. (2m41.88s)
I, [2015-02-27T00:22:36.037989 #85481]  INFO -- Kitchen: -----> Starting Kitchen (v1.3.1)
I, [2015-02-27T00:22:36.256379 #85481]  INFO -- Kitchen: -----> Creating <default-centos-6>...
I, [2015-02-27T00:22:37.310850 #85481]  INFO -- Kitchen: -----> Converging <default-centos-6>...
I, [2015-02-27T00:25:29.269358 #85481]  INFO -- Kitchen: -----> Kitchen is finished. (2m53.23s)
I, [2015-02-27T00:28:37.327109 #85895]  INFO -- Kitchen: -----> Starting Kitchen (v1.3.1)
I, [2015-02-27T00:28:37.566330 #85895]  INFO -- Kitchen: -----> Cleaning up any prior instances of <default-centos-6>
I, [2015-02-27T00:28:37.567640 #85895]  INFO -- Kitchen: -----> Destroying <default-centos-6>...
I, [2015-02-27T00:28:39.043024 #85895]  INFO -- Kitchen: -----> Testing <default-centos-6>
I, [2015-02-27T00:28:39.043192 #85895]  INFO -- Kitchen: -----> Creating <default-centos-6>...
I, [2015-02-27T00:28:40.162844 #85895]  INFO -- Kitchen: -----> Converging <default-centos-6>...
I, [2015-02-27T00:29:42.510567 #85975]  INFO -- Kitchen: -----> Starting Kitchen (v1.3.1)
I, [2015-02-27T00:29:42.725349 #85975]  INFO -- Kitchen: -----> Destroying <default-centos-6>...
I, [2015-02-27T00:29:43.571236 #85975]  INFO -- Kitchen: -----> Kitchen is finished. (0m1.06s)
I, [2015-02-27T00:29:53.034924 #86025]  INFO -- Kitchen: -----> Starting Kitchen (v1.3.1)
I, [2015-02-27T00:29:53.229265 #86025]  INFO -- Kitchen: -----> Creating <default-centos-6>...
I, [2015-02-27T00:29:54.352191 #86025]  INFO -- Kitchen: -----> Kitchen is finished. (0m1.32s)
I, [2015-02-27T00:29:58.835630 #86033]  INFO -- Kitchen: -----> Starting Kitchen (v1.3.1)
I, [2015-02-27T00:29:59.031292 #86033]  INFO -- Kitchen: -----> Cleaning up any prior instances of <default-centos-6>
I, [2015-02-27T00:29:59.032083 #86033]  INFO -- Kitchen: -----> Destroying <default-centos-6>...
I, [2015-02-27T00:29:59.853088 #86033]  INFO -- Kitchen: -----> Testing <default-centos-6>
I, [2015-02-27T00:29:59.853244 #86033]  INFO -- Kitchen: -----> Creating <default-centos-6>...
I, [2015-02-27T00:30:00.900968 #86033]  INFO -- Kitchen: -----> Converging <default-centos-6>...
I, [2015-02-27T00:30:46.002102 #86033]  INFO -- Kitchen: -----> Setting up <default-centos-6>...
I, [2015-02-27T00:30:46.015705 #86033]  INFO -- Kitchen: -----> Verifying <default-centos-6>...
I, [2015-02-27T00:30:46.029268 #86033]  INFO -- Kitchen: -----> Destroying <default-centos-6>...
I, [2015-02-27T00:30:47.660817 #86033]  INFO -- Kitchen: -----> Kitchen is finished. (0m48.83s)
I, [2015-02-27T00:53:27.504354 #88049]  INFO -- Kitchen: -----> Starting Kitchen (v1.3.1)
I, [2015-02-27T00:53:27.717468 #88049]  INFO -- Kitchen: -----> Creating <default-centos-6>...
E, [2015-02-27T00:53:39.761497 #88049] ERROR -- Kitchen: ------Exception-------
E, [2015-02-27T00:53:39.761568 #88049] ERROR -- Kitchen: Class: Kitchen::ActionFailed
E, [2015-02-27T00:53:39.761603 #88049] ERROR -- Kitchen: Message: Failed to complete #create action: [Expected process to exit with [0], but received '1'
---- Begin output of docker -H tcp://192.168.59.103:2376 build - ----
STDOUT: Sending build context to Docker daemon  2.56 kB
Sending build context to Docker daemon 
Step 0 : FROM inokappa/centos6-ansible
Pulling repository inokappa/centos6-ansible
STDERR: time="2015-02-27T00:53:39+09:00" level="info" msg="Error: image inokappa/centos6-ansible:latest not found"
---- End output of docker -H tcp://192.168.59.103:2376 build - ----
Ran docker -H tcp://192.168.59.103:2376 build - returned 1]
E, [2015-02-27T00:53:39.761636 #88049] ERROR -- Kitchen: ---Nested Exception---
E, [2015-02-27T00:53:39.761668 #88049] ERROR -- Kitchen: Class: Kitchen::ShellOut::ShellCommandFailed
E, [2015-02-27T00:53:39.761697 #88049] ERROR -- Kitchen: Message: Expected process to exit with [0], but received '1'
---- Begin output of docker -H tcp://192.168.59.103:2376 build - ----
STDOUT: Sending build context to Docker daemon  2.56 kB
Sending build context to Docker daemon 
Step 0 : FROM inokappa/centos6-ansible
Pulling repository inokappa/centos6-ansible
STDERR: time="2015-02-27T00:53:39+09:00" level="info" msg="Error: image inokappa/centos6-ansible:latest not found"
---- End output of docker -H tcp://192.168.59.103:2376 build - ----
Ran docker -H tcp://192.168.59.103:2376 build - returned 1
E, [2015-02-27T00:53:39.761727 #88049] ERROR -- Kitchen: ------Backtrace-------
E, [2015-02-27T00:53:39.761755 #88049] ERROR -- Kitchen: /Library/Ruby/Gems/2.0.0/gems/test-kitchen-1.3.1/lib/kitchen/shell_out.rb:69:in `rescue in run_command'
E, [2015-02-27T00:53:39.761785 #88049] ERROR -- Kitchen: /Library/Ruby/Gems/2.0.0/gems/test-kitchen-1.3.1/lib/kitchen/shell_out.rb:59:in `run_command'
E, [2015-02-27T00:53:39.761814 #88049] ERROR -- Kitchen: /Library/Ruby/Gems/2.0.0/gems/test-kitchen-1.3.1/lib/kitchen/driver/base.rb:182:in `run_command'
E, [2015-02-27T00:53:39.761844 #88049] ERROR -- Kitchen: /Library/Ruby/Gems/2.0.0/gems/kitchen-docker-1.7.0/lib/kitchen/driver/docker.rb:113:in `docker_command'
E, [2015-02-27T00:53:39.761879 #88049] ERROR -- Kitchen: /Library/Ruby/Gems/2.0.0/gems/kitchen-docker-1.7.0/lib/kitchen/driver/docker.rb:200:in `build_image'
E, [2015-02-27T00:53:39.761925 #88049] ERROR -- Kitchen: /Library/Ruby/Gems/2.0.0/gems/kitchen-docker-1.7.0/lib/kitchen/driver/docker.rb:81:in `create'
E, [2015-02-27T00:53:39.761955 #88049] ERROR -- Kitchen: /Library/Ruby/Gems/2.0.0/gems/test-kitchen-1.3.1/lib/kitchen/instance.rb:352:in `public_send'
E, [2015-02-27T00:53:39.761984 #88049] ERROR -- Kitchen: /Library/Ruby/Gems/2.0.0/gems/test-kitchen-1.3.1/lib/kitchen/instance.rb:352:in `block in perform_action'
E, [2015-02-27T00:53:39.762011 #88049] ERROR -- Kitchen: /Library/Ruby/Gems/2.0.0/gems/test-kitchen-1.3.1/lib/kitchen/instance.rb:416:in `call'
E, [2015-02-27T00:53:39.762038 #88049] ERROR -- Kitchen: /Library/Ruby/Gems/2.0.0/gems/test-kitchen-1.3.1/lib/kitchen/instance.rb:416:in `synchronize_or_call'
E, [2015-02-27T00:53:39.762064 #88049] ERROR -- Kitchen: /Library/Ruby/Gems/2.0.0/gems/test-kitchen-1.3.1/lib/kitchen/instance.rb:381:in `block in action'
E, [2015-02-27T00:53:39.762091 #88049] ERROR -- Kitchen: /System/Library/Frameworks/Ruby.framework/Versions/2.0/usr/lib/ruby/2.0.0/benchmark.rb:281:in `measure'
E, [2015-02-27T00:53:39.762117 #88049] ERROR -- Kitchen: /Library/Ruby/Gems/2.0.0/gems/test-kitchen-1.3.1/lib/kitchen/instance.rb:380:in `action'
E, [2015-02-27T00:53:39.762143 #88049] ERROR -- Kitchen: /Library/Ruby/Gems/2.0.0/gems/test-kitchen-1.3.1/lib/kitchen/instance.rb:352:in `perform_action'
E, [2015-02-27T00:53:39.762169 #88049] ERROR -- Kitchen: /Library/Ruby/Gems/2.0.0/gems/test-kitchen-1.3.1/lib/kitchen/instance.rb:303:in `create_action'
E, [2015-02-27T00:53:39.762195 #88049] ERROR -- Kitchen: /Library/Ruby/Gems/2.0.0/gems/test-kitchen-1.3.1/lib/kitchen/instance.rb:292:in `block in transition_to'
E, [2015-02-27T00:53:39.762221 #88049] ERROR -- Kitchen: /Library/Ruby/Gems/2.0.0/gems/test-kitchen-1.3.1/lib/kitchen/instance.rb:291:in `each'
E, [2015-02-27T00:53:39.762248 #88049] ERROR -- Kitchen: /Library/Ruby/Gems/2.0.0/gems/test-kitchen-1.3.1/lib/kitchen/instance.rb:291:in `transition_to'
E, [2015-02-27T00:53:39.762276 #88049] ERROR -- Kitchen: /Library/Ruby/Gems/2.0.0/gems/test-kitchen-1.3.1/lib/kitchen/instance.rb:119:in `create'
E, [2015-02-27T00:53:39.762293 #88049] ERROR -- Kitchen: /Library/Ruby/Gems/2.0.0/gems/test-kitchen-1.3.1/lib/kitchen/command.rb:176:in `public_send'
E, [2015-02-27T00:53:39.762309 #88049] ERROR -- Kitchen: /Library/Ruby/Gems/2.0.0/gems/test-kitchen-1.3.1/lib/kitchen/command.rb:176:in `block (2 levels) in run_action'
E, [2015-02-27T00:53:39.762324 #88049] ERROR -- Kitchen: ----------------------
I, [2015-02-27T02:28:32.787900 #94236]  INFO -- Kitchen: -----> Starting Kitchen (v1.3.1)
I, [2015-02-27T02:28:32.993977 #94236]  INFO -- Kitchen: -----> Creating <default-centos-6>...
I, [2015-02-27T02:32:45.122441 #94236]  INFO -- Kitchen: -----> Kitchen is finished. (4m12.33s)
I, [2015-02-27T02:32:57.503321 #94642]  INFO -- Kitchen: -----> Starting Kitchen (v1.3.1)
I, [2015-02-27T02:32:57.743403 #94642]  INFO -- Kitchen: -----> Converging <default-centos-6>...
I, [2015-02-27T02:38:42.515686 #94642]  INFO -- Kitchen: -----> Kitchen is finished. (5m45.01s)
